<?xml version="1.0" encoding="UTF-8"?>
<testsuite xmlns:xsi="http://www.w3.org/2001/XMLSchema-instance" xsi:noNamespaceSchemaLocation="https://maven.apache.org/surefire/maven-surefire-plugin/xsd/surefire-test-report-3.0.xsd" version="3.0" name="Check Login with multiple data #4" time="11.449" tests="5" errors="0" skipped="0" failures="0">
  <properties>
[...]
</properties>
  <testcase name="" classname="Check Login with multiple data #4" time="0">
    <system-out><![CDATA[  Given user is on login page                                                       # stepDefination.MyStepDef.user_is_on_login_page()

  When user fills the form in login page from given sheetname login and rownumber 4 # stepDefination.MyStepDef.user_fills_the_form_in_login_page_from_given_sheetname_and_rownumber(java.lang.String,java.lang.String)

  And clicks on send Button                                                         # stepDefination.MyStepDef.clicks_on_send_button()

  Then login should be successful                                                   # stepDefination.MyStepDef.login_should_be_successful()


Scenario Outline: Check Login with multiple data                                    # src/test/java/features/login.feature:16
]]></system-out>
    <system-err><![CDATA[Starting ChromeDriver 101.0.4951.41 (93c720db8323b3ec10d056025ab95c23a31997c9-refs/branch-heads/4951@{#904}) on port 58211
Only local connections are allowed.
Please see https://chromedriver.chromium.org/security-considerations for suggestions on keeping ChromeDriver safe.
ChromeDriver was started successfully.
Jul 16, 2022 10:50:11 PM org.openqa.selenium.remote.ProtocolHandshake createSession
INFO: Detected dialect: W3C
Jul 16, 2022 10:50:11 PM org.openqa.selenium.devtools.CdpVersionFinder findNearestMatch
WARNING: Unable to find an exact match for CDP version 101, so returning the closest version found: a no-op implementation
Jul 16, 2022 10:50:11 PM org.openqa.selenium.devtools.CdpVersionFinder findNearestMatch
INFO: Unable to find CDP implementation matching 101.
Jul 16, 2022 10:50:11 PM org.openqa.selenium.chromium.ChromiumDriver lambda$new$3
WARNING: Unable to find version of CDP to use for . You may need to include a dependency on a specific version of the CDP using something similar to `org.seleniumhq.selenium:selenium-devtools-v86:4.1.1` where the version ("v86") matches the version of the chromium-based browser you're using and the version number of the artifact is the same as Selenium's.
]]></system-err>
  </testcase>
  <testcase name="user is on login page" classname="Check Login with multiple data #4" time="0.015">
    <system-out><![CDATA[Welcome: Mercury Tours
]]></system-out>
  </testcase>
  <testcase name="user fills the form in login page from given sheetname login and rownumber 4" classname="Check Login with multiple data #4" time="0.366">
    <system-out><![CDATA[z
mercury1@mercury1
]]></system-out>
  </testcase>
  <testcase name="clicks on send Button" classname="Check Login with multiple data #4" time="6.408"/>
  <testcase name="login should be successful" classname="Check Login with multiple data #4" time="0.012">
    <system-out><![CDATA[https://demo.guru99.com/test/newtours/index.php
success
]]></system-out>
  </testcase>
</testsuite>